<?xml version="1.0" encoding="UTF-8"?>
<testsuites name="LoginExecute" time="7" tests="2" failures="0" errors="0">
   <testsuite name="LoginExecute" tests="2" failures="0" errors="0" time="7" timestamp="2018-10-25 15:41:43" hostname="mapolayom - 10.92.4.91" id="Test Suites/LoginExecute">
      <properties>
         <property name="deviceName" value=""/>
         <property name="devicePlatform" value=""/>
         <property name="logFolder" value="/Users/mapolayom/git/Ejemplo/Reports/LoginExecute/20181025_154141"/>
         <property name="logFiles" value="/Users/mapolayom/git/Ejemplo/Reports/LoginExecute/20181025_154141/execution0.log"/>
         <property name="attachments" value=""/>
         <property name="hostName" value="mapolayom - 10.92.4.91"/>
         <property name="os" value="Mac OS X 64bit"/>
         <property name="katalonVersion" value="5.8.3.2"/>
         <property name="browser" value="Chrome 69.0.3497.100"/>
         <property name="hostAddress" value="10.92.4.91"/>
         <property name="sessionId" value="4aa28c9b5892dac1a49b9dc4fa6c927c"/>
         <property name="seleniumVersion" value="3.7.1"/>
         <property name="proxyInformation" value="ProxyInformation{proxyOption=NO_PROXY, proxyServerType=HTTP, password=, proxyServerAddress=, proxyServerPort=0}"/>
         <property name="platform" value="Mac OS X"/>
      </properties>
      <testcase name="Test Cases/Login" classname="Test Cases/Login" status="PASSED">
         <system-out><![CDATA[2018-10-25 15:41:43 - [TEST_CASE][PASSED] - Test Cases/Login: Test Cases/Login

2018-10-25 15:41:43 - [TEST_STEP][PASSED] - runFeatureFile: Feature file: 'Include/features/Login.feature' was passed

2018-10-25 15:41:46 - [MESSAGE][PASSED] - Browser is opened with url: ''

2018-10-25 15:41:47 - [MESSAGE][PASSED] - Navigate to 'http://www.executeautomation.com/demosite/Login.html' successfully

2018-10-25 15:41:47 - [MESSAGE][PASSED] - Text 'admin' is set on object 'Object Repository/Page_Execute Automation/input_Login_UserName'

2018-10-25 15:41:47 - [MESSAGE][PASSED] - Text 'adminpassword' is set on object 'Object Repository/Page_Execute Automation/input_Login_Password'

2018-10-25 15:41:48 - [MESSAGE][PASSED] - Object: 'Object Repository/Page_Execute Automation/input_Login_Login' is clicked on

2018-10-25 15:41:48 - [MESSAGE][PASSED] - Feature file: 'Include/features/Login.feature' was passed]]></system-out>
         <system-err><![CDATA[]]></system-err>
      </testcase>
      <testcase name="Test Cases/Loginfallido" classname="Test Cases/Loginfallido" status="PASSED">
         <system-out><![CDATA[2018-10-25 15:41:48 - [TEST_CASE][PASSED] - Test Cases/Loginfallido: Test Cases/Loginfallido

2018-10-25 15:41:48 - [TEST_STEP][PASSED] - runFeatureFile: Feature file: 'Include/features/Loginparafalla.feature' was passed

2018-10-25 15:41:48 - [MESSAGE][WARNING] - A browser is already opened. Closing browser and opening a new one

2018-10-25 15:41:49 - [MESSAGE][PASSED] - Browser is opened with url: ''

2018-10-25 15:41:49 - [MESSAGE][PASSED] - Navigate to 'http://www.executeautomation.com/demosite/Login.html' successfully

2018-10-25 15:41:50 - [MESSAGE][PASSED] - Object: 'Object Repository/Page_Execute Automation/input_Login_Login' is clicked on

2018-10-25 15:41:50 - [MESSAGE][PASSED] - Feature file: 'Include/features/Loginparafalla.feature' was passed]]></system-out>
         <system-err><![CDATA[]]></system-err>
      </testcase>
      <system-out><![CDATA[2018-10-25 15:41:43 - [TEST_SUITE][PASSED] - LoginExecute: Test Cases/Loginfallido]]></system-out>
      <system-err><![CDATA[]]></system-err>
   </testsuite>
</testsuites>
